ARM GAS  C:\Users\binhc\AppData\Local\Temp\cc7IQPQ6.s 			page 1


   1              		.cpu cortex-m3
   2              		.arch armv7-m
   3              		.fpu softvfp
   4              		.eabi_attribute 20, 1
   5              		.eabi_attribute 21, 1
   6              		.eabi_attribute 23, 3
   7              		.eabi_attribute 24, 1
   8              		.eabi_attribute 25, 1
   9              		.eabi_attribute 26, 1
  10              		.eabi_attribute 30, 6
  11              		.eabi_attribute 34, 1
  12              		.eabi_attribute 18, 4
  13              		.file	"stm32f1xx_hal_msp.c"
  14              		.text
  15              	.Ltext0:
  16              		.cfi_sections	.debug_frame
  17              		.file 1 "Core/Src/stm32f1xx_hal_msp.c"
  18              		.section	.text.HAL_MspInit,"ax",%progbits
  19              		.align	1
  20              		.global	HAL_MspInit
  21              		.syntax unified
  22              		.thumb
  23              		.thumb_func
  25              	HAL_MspInit:
  26              	.LFB65:
   1:Core/Src/stm32f1xx_hal_msp.c **** /* USER CODE BEGIN Header */
   2:Core/Src/stm32f1xx_hal_msp.c **** /**
   3:Core/Src/stm32f1xx_hal_msp.c ****   ******************************************************************************
   4:Core/Src/stm32f1xx_hal_msp.c ****   * @file         stm32f1xx_hal_msp.c
   5:Core/Src/stm32f1xx_hal_msp.c ****   * @brief        This file provides code for the MSP Initialization
   6:Core/Src/stm32f1xx_hal_msp.c ****   *               and de-Initialization codes.
   7:Core/Src/stm32f1xx_hal_msp.c ****   ******************************************************************************
   8:Core/Src/stm32f1xx_hal_msp.c ****   * @attention
   9:Core/Src/stm32f1xx_hal_msp.c ****   *
  10:Core/Src/stm32f1xx_hal_msp.c ****   * Copyright (c) 2024 STMicroelectronics.
  11:Core/Src/stm32f1xx_hal_msp.c ****   * All rights reserved.
  12:Core/Src/stm32f1xx_hal_msp.c ****   *
  13:Core/Src/stm32f1xx_hal_msp.c ****   * This software is licensed under terms that can be found in the LICENSE file
  14:Core/Src/stm32f1xx_hal_msp.c ****   * in the root directory of this software component.
  15:Core/Src/stm32f1xx_hal_msp.c ****   * If no LICENSE file comes with this software, it is provided AS-IS.
  16:Core/Src/stm32f1xx_hal_msp.c ****   *
  17:Core/Src/stm32f1xx_hal_msp.c ****   ******************************************************************************
  18:Core/Src/stm32f1xx_hal_msp.c ****   */
  19:Core/Src/stm32f1xx_hal_msp.c **** /* USER CODE END Header */
  20:Core/Src/stm32f1xx_hal_msp.c **** 
  21:Core/Src/stm32f1xx_hal_msp.c **** /* Includes ------------------------------------------------------------------*/
  22:Core/Src/stm32f1xx_hal_msp.c **** #include "main.h"
  23:Core/Src/stm32f1xx_hal_msp.c **** 
  24:Core/Src/stm32f1xx_hal_msp.c **** /* USER CODE BEGIN Includes */
  25:Core/Src/stm32f1xx_hal_msp.c **** 
  26:Core/Src/stm32f1xx_hal_msp.c **** /* USER CODE END Includes */
  27:Core/Src/stm32f1xx_hal_msp.c **** 
  28:Core/Src/stm32f1xx_hal_msp.c **** /* Private typedef -----------------------------------------------------------*/
  29:Core/Src/stm32f1xx_hal_msp.c **** /* USER CODE BEGIN TD */
  30:Core/Src/stm32f1xx_hal_msp.c **** 
  31:Core/Src/stm32f1xx_hal_msp.c **** /* USER CODE END TD */
  32:Core/Src/stm32f1xx_hal_msp.c **** 
ARM GAS  C:\Users\binhc\AppData\Local\Temp\cc7IQPQ6.s 			page 2


  33:Core/Src/stm32f1xx_hal_msp.c **** /* Private define ------------------------------------------------------------*/
  34:Core/Src/stm32f1xx_hal_msp.c **** /* USER CODE BEGIN Define */
  35:Core/Src/stm32f1xx_hal_msp.c **** 
  36:Core/Src/stm32f1xx_hal_msp.c **** /* USER CODE END Define */
  37:Core/Src/stm32f1xx_hal_msp.c **** 
  38:Core/Src/stm32f1xx_hal_msp.c **** /* Private macro -------------------------------------------------------------*/
  39:Core/Src/stm32f1xx_hal_msp.c **** /* USER CODE BEGIN Macro */
  40:Core/Src/stm32f1xx_hal_msp.c **** 
  41:Core/Src/stm32f1xx_hal_msp.c **** /* USER CODE END Macro */
  42:Core/Src/stm32f1xx_hal_msp.c **** 
  43:Core/Src/stm32f1xx_hal_msp.c **** /* Private variables ---------------------------------------------------------*/
  44:Core/Src/stm32f1xx_hal_msp.c **** /* USER CODE BEGIN PV */
  45:Core/Src/stm32f1xx_hal_msp.c **** 
  46:Core/Src/stm32f1xx_hal_msp.c **** /* USER CODE END PV */
  47:Core/Src/stm32f1xx_hal_msp.c **** 
  48:Core/Src/stm32f1xx_hal_msp.c **** /* Private function prototypes -----------------------------------------------*/
  49:Core/Src/stm32f1xx_hal_msp.c **** /* USER CODE BEGIN PFP */
  50:Core/Src/stm32f1xx_hal_msp.c **** 
  51:Core/Src/stm32f1xx_hal_msp.c **** /* USER CODE END PFP */
  52:Core/Src/stm32f1xx_hal_msp.c **** 
  53:Core/Src/stm32f1xx_hal_msp.c **** /* External functions --------------------------------------------------------*/
  54:Core/Src/stm32f1xx_hal_msp.c **** /* USER CODE BEGIN ExternalFunctions */
  55:Core/Src/stm32f1xx_hal_msp.c **** 
  56:Core/Src/stm32f1xx_hal_msp.c **** /* USER CODE END ExternalFunctions */
  57:Core/Src/stm32f1xx_hal_msp.c **** 
  58:Core/Src/stm32f1xx_hal_msp.c **** /* USER CODE BEGIN 0 */
  59:Core/Src/stm32f1xx_hal_msp.c **** 
  60:Core/Src/stm32f1xx_hal_msp.c **** /* USER CODE END 0 */
  61:Core/Src/stm32f1xx_hal_msp.c **** /**
  62:Core/Src/stm32f1xx_hal_msp.c ****   * Initializes the Global MSP.
  63:Core/Src/stm32f1xx_hal_msp.c ****   */
  64:Core/Src/stm32f1xx_hal_msp.c **** void HAL_MspInit(void)
  65:Core/Src/stm32f1xx_hal_msp.c **** {
  27              		.loc 1 65 1
  28              		.cfi_startproc
  29              		@ args = 0, pretend = 0, frame = 8
  30              		@ frame_needed = 1, uses_anonymous_args = 0
  31              		@ link register save eliminated.
  32 0000 80B4     		push	{r7}
  33              	.LCFI0:
  34              		.cfi_def_cfa_offset 4
  35              		.cfi_offset 7, -4
  36 0002 83B0     		sub	sp, sp, #12
  37              	.LCFI1:
  38              		.cfi_def_cfa_offset 16
  39 0004 00AF     		add	r7, sp, #0
  40              	.LCFI2:
  41              		.cfi_def_cfa_register 7
  42              	.LBB2:
  66:Core/Src/stm32f1xx_hal_msp.c ****   /* USER CODE BEGIN MspInit 0 */
  67:Core/Src/stm32f1xx_hal_msp.c **** 
  68:Core/Src/stm32f1xx_hal_msp.c ****   /* USER CODE END MspInit 0 */
  69:Core/Src/stm32f1xx_hal_msp.c **** 
  70:Core/Src/stm32f1xx_hal_msp.c ****   __HAL_RCC_AFIO_CLK_ENABLE();
  43              		.loc 1 70 3
  44 0006 0E4B     		ldr	r3, .L2
  45 0008 9B69     		ldr	r3, [r3, #24]
ARM GAS  C:\Users\binhc\AppData\Local\Temp\cc7IQPQ6.s 			page 3


  46 000a 0D4A     		ldr	r2, .L2
  47 000c 43F00103 		orr	r3, r3, #1
  48 0010 9361     		str	r3, [r2, #24]
  49 0012 0B4B     		ldr	r3, .L2
  50 0014 9B69     		ldr	r3, [r3, #24]
  51 0016 03F00103 		and	r3, r3, #1
  52 001a 7B60     		str	r3, [r7, #4]
  53 001c 7B68     		ldr	r3, [r7, #4]
  54              	.LBE2:
  55              	.LBB3:
  71:Core/Src/stm32f1xx_hal_msp.c ****   __HAL_RCC_PWR_CLK_ENABLE();
  56              		.loc 1 71 3
  57 001e 084B     		ldr	r3, .L2
  58 0020 DB69     		ldr	r3, [r3, #28]
  59 0022 074A     		ldr	r2, .L2
  60 0024 43F08053 		orr	r3, r3, #268435456
  61 0028 D361     		str	r3, [r2, #28]
  62 002a 054B     		ldr	r3, .L2
  63 002c DB69     		ldr	r3, [r3, #28]
  64 002e 03F08053 		and	r3, r3, #268435456
  65 0032 3B60     		str	r3, [r7]
  66 0034 3B68     		ldr	r3, [r7]
  67              	.LBE3:
  72:Core/Src/stm32f1xx_hal_msp.c **** 
  73:Core/Src/stm32f1xx_hal_msp.c ****   /* System interrupt init*/
  74:Core/Src/stm32f1xx_hal_msp.c **** 
  75:Core/Src/stm32f1xx_hal_msp.c ****   /* USER CODE BEGIN MspInit 1 */
  76:Core/Src/stm32f1xx_hal_msp.c **** 
  77:Core/Src/stm32f1xx_hal_msp.c ****   /* USER CODE END MspInit 1 */
  78:Core/Src/stm32f1xx_hal_msp.c **** }
  68              		.loc 1 78 1
  69 0036 00BF     		nop
  70 0038 0C37     		adds	r7, r7, #12
  71              	.LCFI3:
  72              		.cfi_def_cfa_offset 4
  73 003a BD46     		mov	sp, r7
  74              	.LCFI4:
  75              		.cfi_def_cfa_register 13
  76              		@ sp needed
  77 003c 80BC     		pop	{r7}
  78              	.LCFI5:
  79              		.cfi_restore 7
  80              		.cfi_def_cfa_offset 0
  81 003e 7047     		bx	lr
  82              	.L3:
  83              		.align	2
  84              	.L2:
  85 0040 00100240 		.word	1073876992
  86              		.cfi_endproc
  87              	.LFE65:
  89              		.section	.text.HAL_I2C_MspInit,"ax",%progbits
  90              		.align	1
  91              		.global	HAL_I2C_MspInit
  92              		.syntax unified
  93              		.thumb
  94              		.thumb_func
  96              	HAL_I2C_MspInit:
ARM GAS  C:\Users\binhc\AppData\Local\Temp\cc7IQPQ6.s 			page 4


  97              	.LFB66:
  79:Core/Src/stm32f1xx_hal_msp.c **** 
  80:Core/Src/stm32f1xx_hal_msp.c **** /**
  81:Core/Src/stm32f1xx_hal_msp.c **** * @brief I2C MSP Initialization
  82:Core/Src/stm32f1xx_hal_msp.c **** * This function configures the hardware resources used in this example
  83:Core/Src/stm32f1xx_hal_msp.c **** * @param hi2c: I2C handle pointer
  84:Core/Src/stm32f1xx_hal_msp.c **** * @retval None
  85:Core/Src/stm32f1xx_hal_msp.c **** */
  86:Core/Src/stm32f1xx_hal_msp.c **** void HAL_I2C_MspInit(I2C_HandleTypeDef* hi2c)
  87:Core/Src/stm32f1xx_hal_msp.c **** {
  98              		.loc 1 87 1
  99              		.cfi_startproc
 100              		@ args = 0, pretend = 0, frame = 32
 101              		@ frame_needed = 1, uses_anonymous_args = 0
 102 0000 80B5     		push	{r7, lr}
 103              	.LCFI6:
 104              		.cfi_def_cfa_offset 8
 105              		.cfi_offset 7, -8
 106              		.cfi_offset 14, -4
 107 0002 88B0     		sub	sp, sp, #32
 108              	.LCFI7:
 109              		.cfi_def_cfa_offset 40
 110 0004 00AF     		add	r7, sp, #0
 111              	.LCFI8:
 112              		.cfi_def_cfa_register 7
 113 0006 7860     		str	r0, [r7, #4]
  88:Core/Src/stm32f1xx_hal_msp.c ****   GPIO_InitTypeDef GPIO_InitStruct = {0};
 114              		.loc 1 88 20
 115 0008 07F11003 		add	r3, r7, #16
 116 000c 0022     		movs	r2, #0
 117 000e 1A60     		str	r2, [r3]
 118 0010 5A60     		str	r2, [r3, #4]
 119 0012 9A60     		str	r2, [r3, #8]
 120 0014 DA60     		str	r2, [r3, #12]
  89:Core/Src/stm32f1xx_hal_msp.c ****   if(hi2c->Instance==I2C1)
 121              		.loc 1 89 10
 122 0016 7B68     		ldr	r3, [r7, #4]
 123 0018 1B68     		ldr	r3, [r3]
 124              		.loc 1 89 5
 125 001a 1D4A     		ldr	r2, .L7
 126 001c 9342     		cmp	r3, r2
 127 001e 33D1     		bne	.L6
 128              	.LBB4:
  90:Core/Src/stm32f1xx_hal_msp.c ****   {
  91:Core/Src/stm32f1xx_hal_msp.c ****   /* USER CODE BEGIN I2C1_MspInit 0 */
  92:Core/Src/stm32f1xx_hal_msp.c **** 
  93:Core/Src/stm32f1xx_hal_msp.c ****   /* USER CODE END I2C1_MspInit 0 */
  94:Core/Src/stm32f1xx_hal_msp.c **** 
  95:Core/Src/stm32f1xx_hal_msp.c ****     __HAL_RCC_GPIOB_CLK_ENABLE();
 129              		.loc 1 95 5
 130 0020 1C4B     		ldr	r3, .L7+4
 131 0022 9B69     		ldr	r3, [r3, #24]
 132 0024 1B4A     		ldr	r2, .L7+4
 133 0026 43F00803 		orr	r3, r3, #8
 134 002a 9361     		str	r3, [r2, #24]
 135 002c 194B     		ldr	r3, .L7+4
 136 002e 9B69     		ldr	r3, [r3, #24]
ARM GAS  C:\Users\binhc\AppData\Local\Temp\cc7IQPQ6.s 			page 5


 137 0030 03F00803 		and	r3, r3, #8
 138 0034 FB60     		str	r3, [r7, #12]
 139 0036 FB68     		ldr	r3, [r7, #12]
 140              	.LBE4:
  96:Core/Src/stm32f1xx_hal_msp.c ****     /**I2C1 GPIO Configuration
  97:Core/Src/stm32f1xx_hal_msp.c ****     PB6     ------> I2C1_SCL
  98:Core/Src/stm32f1xx_hal_msp.c ****     PB7     ------> I2C1_SDA
  99:Core/Src/stm32f1xx_hal_msp.c ****     */
 100:Core/Src/stm32f1xx_hal_msp.c ****     GPIO_InitStruct.Pin = GPIO_PIN_6|GPIO_PIN_7;
 141              		.loc 1 100 25
 142 0038 C023     		movs	r3, #192
 143 003a 3B61     		str	r3, [r7, #16]
 101:Core/Src/stm32f1xx_hal_msp.c ****     GPIO_InitStruct.Mode = GPIO_MODE_AF_OD;
 144              		.loc 1 101 26
 145 003c 1223     		movs	r3, #18
 146 003e 7B61     		str	r3, [r7, #20]
 102:Core/Src/stm32f1xx_hal_msp.c ****     GPIO_InitStruct.Speed = GPIO_SPEED_FREQ_HIGH;
 147              		.loc 1 102 27
 148 0040 0323     		movs	r3, #3
 149 0042 FB61     		str	r3, [r7, #28]
 103:Core/Src/stm32f1xx_hal_msp.c ****     HAL_GPIO_Init(GPIOB, &GPIO_InitStruct);
 150              		.loc 1 103 5
 151 0044 07F11003 		add	r3, r7, #16
 152 0048 1946     		mov	r1, r3
 153 004a 1348     		ldr	r0, .L7+8
 154 004c FFF7FEFF 		bl	HAL_GPIO_Init
 155              	.LBB5:
 104:Core/Src/stm32f1xx_hal_msp.c **** 
 105:Core/Src/stm32f1xx_hal_msp.c ****     /* Peripheral clock enable */
 106:Core/Src/stm32f1xx_hal_msp.c ****     __HAL_RCC_I2C1_CLK_ENABLE();
 156              		.loc 1 106 5
 157 0050 104B     		ldr	r3, .L7+4
 158 0052 DB69     		ldr	r3, [r3, #28]
 159 0054 0F4A     		ldr	r2, .L7+4
 160 0056 43F40013 		orr	r3, r3, #2097152
 161 005a D361     		str	r3, [r2, #28]
 162 005c 0D4B     		ldr	r3, .L7+4
 163 005e DB69     		ldr	r3, [r3, #28]
 164 0060 03F40013 		and	r3, r3, #2097152
 165 0064 BB60     		str	r3, [r7, #8]
 166 0066 BB68     		ldr	r3, [r7, #8]
 167              	.LBE5:
 107:Core/Src/stm32f1xx_hal_msp.c ****     /* I2C1 interrupt Init */
 108:Core/Src/stm32f1xx_hal_msp.c ****     HAL_NVIC_SetPriority(I2C1_EV_IRQn, 0, 0);
 168              		.loc 1 108 5
 169 0068 0022     		movs	r2, #0
 170 006a 0021     		movs	r1, #0
 171 006c 1F20     		movs	r0, #31
 172 006e FFF7FEFF 		bl	HAL_NVIC_SetPriority
 109:Core/Src/stm32f1xx_hal_msp.c ****     HAL_NVIC_EnableIRQ(I2C1_EV_IRQn);
 173              		.loc 1 109 5
 174 0072 1F20     		movs	r0, #31
 175 0074 FFF7FEFF 		bl	HAL_NVIC_EnableIRQ
 110:Core/Src/stm32f1xx_hal_msp.c ****     HAL_NVIC_SetPriority(I2C1_ER_IRQn, 0, 0);
 176              		.loc 1 110 5
 177 0078 0022     		movs	r2, #0
 178 007a 0021     		movs	r1, #0
ARM GAS  C:\Users\binhc\AppData\Local\Temp\cc7IQPQ6.s 			page 6


 179 007c 2020     		movs	r0, #32
 180 007e FFF7FEFF 		bl	HAL_NVIC_SetPriority
 111:Core/Src/stm32f1xx_hal_msp.c ****     HAL_NVIC_EnableIRQ(I2C1_ER_IRQn);
 181              		.loc 1 111 5
 182 0082 2020     		movs	r0, #32
 183 0084 FFF7FEFF 		bl	HAL_NVIC_EnableIRQ
 184              	.L6:
 112:Core/Src/stm32f1xx_hal_msp.c ****   /* USER CODE BEGIN I2C1_MspInit 1 */
 113:Core/Src/stm32f1xx_hal_msp.c **** 
 114:Core/Src/stm32f1xx_hal_msp.c ****   /* USER CODE END I2C1_MspInit 1 */
 115:Core/Src/stm32f1xx_hal_msp.c ****   }
 116:Core/Src/stm32f1xx_hal_msp.c **** 
 117:Core/Src/stm32f1xx_hal_msp.c **** }
 185              		.loc 1 117 1
 186 0088 00BF     		nop
 187 008a 2037     		adds	r7, r7, #32
 188              	.LCFI9:
 189              		.cfi_def_cfa_offset 8
 190 008c BD46     		mov	sp, r7
 191              	.LCFI10:
 192              		.cfi_def_cfa_register 13
 193              		@ sp needed
 194 008e 80BD     		pop	{r7, pc}
 195              	.L8:
 196              		.align	2
 197              	.L7:
 198 0090 00540040 		.word	1073763328
 199 0094 00100240 		.word	1073876992
 200 0098 000C0140 		.word	1073810432
 201              		.cfi_endproc
 202              	.LFE66:
 204              		.section	.text.HAL_I2C_MspDeInit,"ax",%progbits
 205              		.align	1
 206              		.global	HAL_I2C_MspDeInit
 207              		.syntax unified
 208              		.thumb
 209              		.thumb_func
 211              	HAL_I2C_MspDeInit:
 212              	.LFB67:
 118:Core/Src/stm32f1xx_hal_msp.c **** 
 119:Core/Src/stm32f1xx_hal_msp.c **** /**
 120:Core/Src/stm32f1xx_hal_msp.c **** * @brief I2C MSP De-Initialization
 121:Core/Src/stm32f1xx_hal_msp.c **** * This function freeze the hardware resources used in this example
 122:Core/Src/stm32f1xx_hal_msp.c **** * @param hi2c: I2C handle pointer
 123:Core/Src/stm32f1xx_hal_msp.c **** * @retval None
 124:Core/Src/stm32f1xx_hal_msp.c **** */
 125:Core/Src/stm32f1xx_hal_msp.c **** void HAL_I2C_MspDeInit(I2C_HandleTypeDef* hi2c)
 126:Core/Src/stm32f1xx_hal_msp.c **** {
 213              		.loc 1 126 1
 214              		.cfi_startproc
 215              		@ args = 0, pretend = 0, frame = 8
 216              		@ frame_needed = 1, uses_anonymous_args = 0
 217 0000 80B5     		push	{r7, lr}
 218              	.LCFI11:
 219              		.cfi_def_cfa_offset 8
 220              		.cfi_offset 7, -8
 221              		.cfi_offset 14, -4
ARM GAS  C:\Users\binhc\AppData\Local\Temp\cc7IQPQ6.s 			page 7


 222 0002 82B0     		sub	sp, sp, #8
 223              	.LCFI12:
 224              		.cfi_def_cfa_offset 16
 225 0004 00AF     		add	r7, sp, #0
 226              	.LCFI13:
 227              		.cfi_def_cfa_register 7
 228 0006 7860     		str	r0, [r7, #4]
 127:Core/Src/stm32f1xx_hal_msp.c ****   if(hi2c->Instance==I2C1)
 229              		.loc 1 127 10
 230 0008 7B68     		ldr	r3, [r7, #4]
 231 000a 1B68     		ldr	r3, [r3]
 232              		.loc 1 127 5
 233 000c 0D4A     		ldr	r2, .L12
 234 000e 9342     		cmp	r3, r2
 235 0010 13D1     		bne	.L11
 128:Core/Src/stm32f1xx_hal_msp.c ****   {
 129:Core/Src/stm32f1xx_hal_msp.c ****   /* USER CODE BEGIN I2C1_MspDeInit 0 */
 130:Core/Src/stm32f1xx_hal_msp.c **** 
 131:Core/Src/stm32f1xx_hal_msp.c ****   /* USER CODE END I2C1_MspDeInit 0 */
 132:Core/Src/stm32f1xx_hal_msp.c ****     /* Peripheral clock disable */
 133:Core/Src/stm32f1xx_hal_msp.c ****     __HAL_RCC_I2C1_CLK_DISABLE();
 236              		.loc 1 133 5
 237 0012 0D4B     		ldr	r3, .L12+4
 238 0014 DB69     		ldr	r3, [r3, #28]
 239 0016 0C4A     		ldr	r2, .L12+4
 240 0018 23F40013 		bic	r3, r3, #2097152
 241 001c D361     		str	r3, [r2, #28]
 134:Core/Src/stm32f1xx_hal_msp.c **** 
 135:Core/Src/stm32f1xx_hal_msp.c ****     /**I2C1 GPIO Configuration
 136:Core/Src/stm32f1xx_hal_msp.c ****     PB6     ------> I2C1_SCL
 137:Core/Src/stm32f1xx_hal_msp.c ****     PB7     ------> I2C1_SDA
 138:Core/Src/stm32f1xx_hal_msp.c ****     */
 139:Core/Src/stm32f1xx_hal_msp.c ****     HAL_GPIO_DeInit(GPIOB, GPIO_PIN_6);
 242              		.loc 1 139 5
 243 001e 4021     		movs	r1, #64
 244 0020 0A48     		ldr	r0, .L12+8
 245 0022 FFF7FEFF 		bl	HAL_GPIO_DeInit
 140:Core/Src/stm32f1xx_hal_msp.c **** 
 141:Core/Src/stm32f1xx_hal_msp.c ****     HAL_GPIO_DeInit(GPIOB, GPIO_PIN_7);
 246              		.loc 1 141 5
 247 0026 8021     		movs	r1, #128
 248 0028 0848     		ldr	r0, .L12+8
 249 002a FFF7FEFF 		bl	HAL_GPIO_DeInit
 142:Core/Src/stm32f1xx_hal_msp.c **** 
 143:Core/Src/stm32f1xx_hal_msp.c ****     /* I2C1 interrupt DeInit */
 144:Core/Src/stm32f1xx_hal_msp.c ****     HAL_NVIC_DisableIRQ(I2C1_EV_IRQn);
 250              		.loc 1 144 5
 251 002e 1F20     		movs	r0, #31
 252 0030 FFF7FEFF 		bl	HAL_NVIC_DisableIRQ
 145:Core/Src/stm32f1xx_hal_msp.c ****     HAL_NVIC_DisableIRQ(I2C1_ER_IRQn);
 253              		.loc 1 145 5
 254 0034 2020     		movs	r0, #32
 255 0036 FFF7FEFF 		bl	HAL_NVIC_DisableIRQ
 256              	.L11:
 146:Core/Src/stm32f1xx_hal_msp.c ****   /* USER CODE BEGIN I2C1_MspDeInit 1 */
 147:Core/Src/stm32f1xx_hal_msp.c **** 
 148:Core/Src/stm32f1xx_hal_msp.c ****   /* USER CODE END I2C1_MspDeInit 1 */
ARM GAS  C:\Users\binhc\AppData\Local\Temp\cc7IQPQ6.s 			page 8


 149:Core/Src/stm32f1xx_hal_msp.c ****   }
 150:Core/Src/stm32f1xx_hal_msp.c **** 
 151:Core/Src/stm32f1xx_hal_msp.c **** }
 257              		.loc 1 151 1
 258 003a 00BF     		nop
 259 003c 0837     		adds	r7, r7, #8
 260              	.LCFI14:
 261              		.cfi_def_cfa_offset 8
 262 003e BD46     		mov	sp, r7
 263              	.LCFI15:
 264              		.cfi_def_cfa_register 13
 265              		@ sp needed
 266 0040 80BD     		pop	{r7, pc}
 267              	.L13:
 268 0042 00BF     		.align	2
 269              	.L12:
 270 0044 00540040 		.word	1073763328
 271 0048 00100240 		.word	1073876992
 272 004c 000C0140 		.word	1073810432
 273              		.cfi_endproc
 274              	.LFE67:
 276              		.section	.text.HAL_TIM_Base_MspInit,"ax",%progbits
 277              		.align	1
 278              		.global	HAL_TIM_Base_MspInit
 279              		.syntax unified
 280              		.thumb
 281              		.thumb_func
 283              	HAL_TIM_Base_MspInit:
 284              	.LFB68:
 152:Core/Src/stm32f1xx_hal_msp.c **** 
 153:Core/Src/stm32f1xx_hal_msp.c **** /**
 154:Core/Src/stm32f1xx_hal_msp.c **** * @brief TIM_Base MSP Initialization
 155:Core/Src/stm32f1xx_hal_msp.c **** * This function configures the hardware resources used in this example
 156:Core/Src/stm32f1xx_hal_msp.c **** * @param htim_base: TIM_Base handle pointer
 157:Core/Src/stm32f1xx_hal_msp.c **** * @retval None
 158:Core/Src/stm32f1xx_hal_msp.c **** */
 159:Core/Src/stm32f1xx_hal_msp.c **** void HAL_TIM_Base_MspInit(TIM_HandleTypeDef* htim_base)
 160:Core/Src/stm32f1xx_hal_msp.c **** {
 285              		.loc 1 160 1
 286              		.cfi_startproc
 287              		@ args = 0, pretend = 0, frame = 16
 288              		@ frame_needed = 1, uses_anonymous_args = 0
 289              		@ link register save eliminated.
 290 0000 80B4     		push	{r7}
 291              	.LCFI16:
 292              		.cfi_def_cfa_offset 4
 293              		.cfi_offset 7, -4
 294 0002 85B0     		sub	sp, sp, #20
 295              	.LCFI17:
 296              		.cfi_def_cfa_offset 24
 297 0004 00AF     		add	r7, sp, #0
 298              	.LCFI18:
 299              		.cfi_def_cfa_register 7
 300 0006 7860     		str	r0, [r7, #4]
 161:Core/Src/stm32f1xx_hal_msp.c ****   if(htim_base->Instance==TIM2)
 301              		.loc 1 161 15
 302 0008 7B68     		ldr	r3, [r7, #4]
ARM GAS  C:\Users\binhc\AppData\Local\Temp\cc7IQPQ6.s 			page 9


 303 000a 1B68     		ldr	r3, [r3]
 304              		.loc 1 161 5
 305 000c B3F1804F 		cmp	r3, #1073741824
 306 0010 0BD1     		bne	.L16
 307              	.LBB6:
 162:Core/Src/stm32f1xx_hal_msp.c ****   {
 163:Core/Src/stm32f1xx_hal_msp.c ****   /* USER CODE BEGIN TIM2_MspInit 0 */
 164:Core/Src/stm32f1xx_hal_msp.c **** 
 165:Core/Src/stm32f1xx_hal_msp.c ****   /* USER CODE END TIM2_MspInit 0 */
 166:Core/Src/stm32f1xx_hal_msp.c ****     /* Peripheral clock enable */
 167:Core/Src/stm32f1xx_hal_msp.c ****     __HAL_RCC_TIM2_CLK_ENABLE();
 308              		.loc 1 167 5
 309 0012 084B     		ldr	r3, .L17
 310 0014 DB69     		ldr	r3, [r3, #28]
 311 0016 074A     		ldr	r2, .L17
 312 0018 43F00103 		orr	r3, r3, #1
 313 001c D361     		str	r3, [r2, #28]
 314 001e 054B     		ldr	r3, .L17
 315 0020 DB69     		ldr	r3, [r3, #28]
 316 0022 03F00103 		and	r3, r3, #1
 317 0026 FB60     		str	r3, [r7, #12]
 318 0028 FB68     		ldr	r3, [r7, #12]
 319              	.L16:
 320              	.LBE6:
 168:Core/Src/stm32f1xx_hal_msp.c ****   /* USER CODE BEGIN TIM2_MspInit 1 */
 169:Core/Src/stm32f1xx_hal_msp.c **** 
 170:Core/Src/stm32f1xx_hal_msp.c ****   /* USER CODE END TIM2_MspInit 1 */
 171:Core/Src/stm32f1xx_hal_msp.c ****   }
 172:Core/Src/stm32f1xx_hal_msp.c **** 
 173:Core/Src/stm32f1xx_hal_msp.c **** }
 321              		.loc 1 173 1
 322 002a 00BF     		nop
 323 002c 1437     		adds	r7, r7, #20
 324              	.LCFI19:
 325              		.cfi_def_cfa_offset 4
 326 002e BD46     		mov	sp, r7
 327              	.LCFI20:
 328              		.cfi_def_cfa_register 13
 329              		@ sp needed
 330 0030 80BC     		pop	{r7}
 331              	.LCFI21:
 332              		.cfi_restore 7
 333              		.cfi_def_cfa_offset 0
 334 0032 7047     		bx	lr
 335              	.L18:
 336              		.align	2
 337              	.L17:
 338 0034 00100240 		.word	1073876992
 339              		.cfi_endproc
 340              	.LFE68:
 342              		.section	.text.HAL_TIM_Base_MspDeInit,"ax",%progbits
 343              		.align	1
 344              		.global	HAL_TIM_Base_MspDeInit
 345              		.syntax unified
 346              		.thumb
 347              		.thumb_func
 349              	HAL_TIM_Base_MspDeInit:
ARM GAS  C:\Users\binhc\AppData\Local\Temp\cc7IQPQ6.s 			page 10


 350              	.LFB69:
 174:Core/Src/stm32f1xx_hal_msp.c **** 
 175:Core/Src/stm32f1xx_hal_msp.c **** /**
 176:Core/Src/stm32f1xx_hal_msp.c **** * @brief TIM_Base MSP De-Initialization
 177:Core/Src/stm32f1xx_hal_msp.c **** * This function freeze the hardware resources used in this example
 178:Core/Src/stm32f1xx_hal_msp.c **** * @param htim_base: TIM_Base handle pointer
 179:Core/Src/stm32f1xx_hal_msp.c **** * @retval None
 180:Core/Src/stm32f1xx_hal_msp.c **** */
 181:Core/Src/stm32f1xx_hal_msp.c **** void HAL_TIM_Base_MspDeInit(TIM_HandleTypeDef* htim_base)
 182:Core/Src/stm32f1xx_hal_msp.c **** {
 351              		.loc 1 182 1
 352              		.cfi_startproc
 353              		@ args = 0, pretend = 0, frame = 8
 354              		@ frame_needed = 1, uses_anonymous_args = 0
 355              		@ link register save eliminated.
 356 0000 80B4     		push	{r7}
 357              	.LCFI22:
 358              		.cfi_def_cfa_offset 4
 359              		.cfi_offset 7, -4
 360 0002 83B0     		sub	sp, sp, #12
 361              	.LCFI23:
 362              		.cfi_def_cfa_offset 16
 363 0004 00AF     		add	r7, sp, #0
 364              	.LCFI24:
 365              		.cfi_def_cfa_register 7
 366 0006 7860     		str	r0, [r7, #4]
 183:Core/Src/stm32f1xx_hal_msp.c ****   if(htim_base->Instance==TIM2)
 367              		.loc 1 183 15
 368 0008 7B68     		ldr	r3, [r7, #4]
 369 000a 1B68     		ldr	r3, [r3]
 370              		.loc 1 183 5
 371 000c B3F1804F 		cmp	r3, #1073741824
 372 0010 05D1     		bne	.L21
 184:Core/Src/stm32f1xx_hal_msp.c ****   {
 185:Core/Src/stm32f1xx_hal_msp.c ****   /* USER CODE BEGIN TIM2_MspDeInit 0 */
 186:Core/Src/stm32f1xx_hal_msp.c **** 
 187:Core/Src/stm32f1xx_hal_msp.c ****   /* USER CODE END TIM2_MspDeInit 0 */
 188:Core/Src/stm32f1xx_hal_msp.c ****     /* Peripheral clock disable */
 189:Core/Src/stm32f1xx_hal_msp.c ****     __HAL_RCC_TIM2_CLK_DISABLE();
 373              		.loc 1 189 5
 374 0012 054B     		ldr	r3, .L22
 375 0014 DB69     		ldr	r3, [r3, #28]
 376 0016 044A     		ldr	r2, .L22
 377 0018 23F00103 		bic	r3, r3, #1
 378 001c D361     		str	r3, [r2, #28]
 379              	.L21:
 190:Core/Src/stm32f1xx_hal_msp.c ****   /* USER CODE BEGIN TIM2_MspDeInit 1 */
 191:Core/Src/stm32f1xx_hal_msp.c **** 
 192:Core/Src/stm32f1xx_hal_msp.c ****   /* USER CODE END TIM2_MspDeInit 1 */
 193:Core/Src/stm32f1xx_hal_msp.c ****   }
 194:Core/Src/stm32f1xx_hal_msp.c **** 
 195:Core/Src/stm32f1xx_hal_msp.c **** }
 380              		.loc 1 195 1
 381 001e 00BF     		nop
 382 0020 0C37     		adds	r7, r7, #12
 383              	.LCFI25:
 384              		.cfi_def_cfa_offset 4
ARM GAS  C:\Users\binhc\AppData\Local\Temp\cc7IQPQ6.s 			page 11


 385 0022 BD46     		mov	sp, r7
 386              	.LCFI26:
 387              		.cfi_def_cfa_register 13
 388              		@ sp needed
 389 0024 80BC     		pop	{r7}
 390              	.LCFI27:
 391              		.cfi_restore 7
 392              		.cfi_def_cfa_offset 0
 393 0026 7047     		bx	lr
 394              	.L23:
 395              		.align	2
 396              	.L22:
 397 0028 00100240 		.word	1073876992
 398              		.cfi_endproc
 399              	.LFE69:
 401              		.text
 402              	.Letext0:
 403              		.file 2 "Drivers/CMSIS/Device/ST/STM32F1xx/Include/stm32f103xb.h"
 404              		.file 3 "C:\\ST\\STM32CubeCLT_1.16.0\\GNU-tools-for-STM32\\bin/../lib/gcc/arm-none-eabi/12.3.1/../
 405              		.file 4 "C:\\ST\\STM32CubeCLT_1.16.0\\GNU-tools-for-STM32\\bin/../lib/gcc/arm-none-eabi/12.3.1/../
 406              		.file 5 "Drivers/STM32F1xx_HAL_Driver/Inc/stm32f1xx_hal_def.h"
 407              		.file 6 "Drivers/STM32F1xx_HAL_Driver/Inc/stm32f1xx_hal_gpio.h"
 408              		.file 7 "Drivers/STM32F1xx_HAL_Driver/Inc/stm32f1xx_hal_dma.h"
 409              		.file 8 "Drivers/STM32F1xx_HAL_Driver/Inc/stm32f1xx_hal_i2c.h"
 410              		.file 9 "Drivers/STM32F1xx_HAL_Driver/Inc/stm32f1xx_hal_tim.h"
 411              		.file 10 "Drivers/STM32F1xx_HAL_Driver/Inc/stm32f1xx_hal_cortex.h"
ARM GAS  C:\Users\binhc\AppData\Local\Temp\cc7IQPQ6.s 			page 12


DEFINED SYMBOLS
                            *ABS*:00000000 stm32f1xx_hal_msp.c
C:\Users\binhc\AppData\Local\Temp\cc7IQPQ6.s:19     .text.HAL_MspInit:00000000 $t
C:\Users\binhc\AppData\Local\Temp\cc7IQPQ6.s:25     .text.HAL_MspInit:00000000 HAL_MspInit
C:\Users\binhc\AppData\Local\Temp\cc7IQPQ6.s:85     .text.HAL_MspInit:00000040 $d
C:\Users\binhc\AppData\Local\Temp\cc7IQPQ6.s:90     .text.HAL_I2C_MspInit:00000000 $t
C:\Users\binhc\AppData\Local\Temp\cc7IQPQ6.s:96     .text.HAL_I2C_MspInit:00000000 HAL_I2C_MspInit
C:\Users\binhc\AppData\Local\Temp\cc7IQPQ6.s:198    .text.HAL_I2C_MspInit:00000090 $d
C:\Users\binhc\AppData\Local\Temp\cc7IQPQ6.s:205    .text.HAL_I2C_MspDeInit:00000000 $t
C:\Users\binhc\AppData\Local\Temp\cc7IQPQ6.s:211    .text.HAL_I2C_MspDeInit:00000000 HAL_I2C_MspDeInit
C:\Users\binhc\AppData\Local\Temp\cc7IQPQ6.s:270    .text.HAL_I2C_MspDeInit:00000044 $d
C:\Users\binhc\AppData\Local\Temp\cc7IQPQ6.s:277    .text.HAL_TIM_Base_MspInit:00000000 $t
C:\Users\binhc\AppData\Local\Temp\cc7IQPQ6.s:283    .text.HAL_TIM_Base_MspInit:00000000 HAL_TIM_Base_MspInit
C:\Users\binhc\AppData\Local\Temp\cc7IQPQ6.s:338    .text.HAL_TIM_Base_MspInit:00000034 $d
C:\Users\binhc\AppData\Local\Temp\cc7IQPQ6.s:343    .text.HAL_TIM_Base_MspDeInit:00000000 $t
C:\Users\binhc\AppData\Local\Temp\cc7IQPQ6.s:349    .text.HAL_TIM_Base_MspDeInit:00000000 HAL_TIM_Base_MspDeInit
C:\Users\binhc\AppData\Local\Temp\cc7IQPQ6.s:397    .text.HAL_TIM_Base_MspDeInit:00000028 $d
                           .group:00000000 wm4.0.15fcea3127febf2d56d1bdc4f5ccb439
                           .group:00000000 wm4.stm32f1xx_hal_conf.h.22.3522f0118f665b92073dbb241fe101cd
                           .group:00000000 wm4.stm32f1xx.h.38.e862c4e1b39ca120fca296a79f75a275
                           .group:00000000 wm4.stm32f103xb.h.37.7c5fb130aa158ead5441dda9799c1941
                           .group:00000000 wm4._newlib_version.h.4.6d111ab2e95434b664b53815e5c8ccba
                           .group:00000000 wm4.features.h.33.3e67abe6fb64142d4f6fa9496796153c
                           .group:00000000 wm4._default_types.h.15.247e5cd201eca3442cbf5404108c4935
                           .group:00000000 wm4._intsup.h.10.48bafbb683905c4daa4565a85aeeb264
                           .group:00000000 wm4._stdint.h.10.c24fa3af3bc1706662bb5593a907e841
                           .group:00000000 wm4.stdint.h.23.d53047a68f4a85177f80b422d52785ed
                           .group:00000000 wm4.cmsis_version.h.32.4d5822004c01a829a975260e854b5f8e
                           .group:00000000 wm4.core_cm3.h.66.fc46cac19810db8f98d67da7ef88f42c
                           .group:00000000 wm4.cmsis_gcc.h.26.4f5798e999d5690b80e6ded3ecc94b37
                           .group:00000000 wm4.core_cm3.h.127.f4474120f1a7524deb56f9d74ff175da
                           .group:00000000 wm4.stm32f103xb.h.572.e8b8d889d857e2c56f82ca03c5328917
                           .group:00000000 wm4.stm32f1xx.h.161.0d1b9fd26c53008e1116394047fa1b84
                           .group:00000000 wm4.stm32_hal_legacy.h.22.d050171c85a9d8567d1f9a012537baa2
                           .group:00000000 wm4.stddef.h.39.3e0425629195acf083c9561151306b4d
                           .group:00000000 wm4.stm32f1xx_hal_def.h.56.354d0a4bf0f6ef7af10e3429b7628481
                           .group:00000000 wm4.stm32f1xx_hal_rcc.h.93.3fadb58bdef0723b74d9eb798753b168
                           .group:00000000 wm4.stm32f1xx_hal_rcc_ex.h.20.5a464c1dc9022dc2a67fe45b2054f77c
                           .group:00000000 wm4.stm32f1xx_hal_rcc.h.1200.d6cbb5717f01cee373a6e1fba84d9163
                           .group:00000000 wm4.stm32f1xx_hal_gpio.h.21.0099da253a68660e916195d3e8928be3
                           .group:00000000 wm4.stm32f1xx_hal_gpio_ex.h.21.93f1f3ec7660fa76375def81b976f73c
                           .group:00000000 wm4.stm32f1xx_hal_gpio.h.262.7df79220ec7519ba80c1763e6b4854a6
                           .group:00000000 wm4.stm32f1xx_hal_exti.h.21.a7f1b393a0c9b2b56b72ccdbb8dee508
                           .group:00000000 wm4.stm32f1xx_hal_dma.h.21.11e5a204ed6aa790b1cdae2e4192bc9d
                           .group:00000000 wm4.stm32f1xx_hal_dma_ex.h.21.d438f745b4c04dc23f9f569190526864
                           .group:00000000 wm4.stm32f1xx_hal_dma.h.408.14794a3f8621230c9ac7fca0cacf3e57
                           .group:00000000 wm4.stm32f1xx_hal_cortex.h.21.6ab92041a8778f53d2d2d96b3825535a
                           .group:00000000 wm4.stm32f1xx_hal_flash.h.20.2db7f614c43999568df8c1bd8d5f2459
                           .group:00000000 wm4.stm32f1xx_hal_flash_ex.h.20.c1d01fb364bcc8befd238a2d45469cc1
                           .group:00000000 wm4.stm32f1xx_hal_i2c.h.21.6a947c870feb456d84d10dd871ee01bd
                           .group:00000000 wm4.stm32f1xx_hal_pwr.h.21.ec3e2cfd4c26fffa32fc4ff0a8ac7390
                           .group:00000000 wm4.stm32f1xx_hal_tim.h.21.79b480304c9b95dc7e752c6196c7f717
                           .group:00000000 wm4.stm32f1xx_hal.h.87.60093b86a987865736d7cddecce3c235

UNDEFINED SYMBOLS
HAL_GPIO_Init
HAL_NVIC_SetPriority
ARM GAS  C:\Users\binhc\AppData\Local\Temp\cc7IQPQ6.s 			page 13


HAL_NVIC_EnableIRQ
HAL_GPIO_DeInit
HAL_NVIC_DisableIRQ
